<?xml version="1.0" encoding="UTF-8"?>
<!-- Generated by org.testng.reporters.JUnitReportReporter -->
<testsuite skipped="0" hostname="DESKTOP-LMJ0DS5" name="TestNG.ParameterMethod" tests="1" failures="0" timestamp="01 Sep 2021 09:13:30 GMT" time="0.023" errors="0">
  <testcase name="display" time="0.023" classname="TestNG.ParameterMethod"/>
</testsuite> <!-- TestNG.ParameterMethod -->
