<?xml version="1.0" encoding="UTF-8"?>
<!-- Generated by org.testng.reporters.JUnitReportReporter -->
<testsuite skipped="0" hostname="DESKTOP-LMJ0DS5" name="TestNG.SampleCase" tests="2" failures="0" timestamp="30 Aug 2021 10:56:34 GMT" time="0.010" errors="0">
  <testcase name="Computertwo" time="0.001" classname="TestNG.SampleCase"/>
  <testcase name="Computer" time="0.009" classname="TestNG.SampleCase"/>
</testsuite> <!-- TestNG.SampleCase -->
