<?xml version="1.0" encoding="UTF-8"?>
<!-- Generated by org.testng.reporters.JUnitReportReporter -->
<testsuite skipped="0" hostname="DESKTOP-LMJ0DS5" name="DataDriven.LastTry" tests="4" failures="0" timestamp="04 Sep 2021 10:28:00 GMT" time="38.832" errors="0">
  <testcase name="display" time="9.958" classname="DataDriven.LastTry"/>
  <testcase name="display" time="10.068" classname="DataDriven.LastTry"/>
  <testcase name="display" time="10.922" classname="DataDriven.LastTry"/>
  <testcase name="display" time="7.884" classname="DataDriven.LastTry"/>
</testsuite> <!-- DataDriven.LastTry -->
