<?xml version="1.0" encoding="UTF-8"?>
<!-- Generated by org.testng.reporters.JUnitReportReporter -->
<testsuite skipped="0" hostname="DESKTOP-LMJ0DS5" name="TestNG.Group" tests="4" failures="0" timestamp="30 Aug 2021 10:54:40 GMT" time="0.015" errors="0">
  <testcase name="apple1" time="0.011" classname="TestNG.Group"/>
  <testcase name="moto1" time="0.001" classname="TestNG.Group"/>
  <testcase name="moto2" time="0.002" classname="TestNG.Group"/>
  <testcase name="apple2" time="0.001" classname="TestNG.Group"/>
</testsuite> <!-- TestNG.Group -->
