<?xml version="1.0" encoding="UTF-8"?>
<!-- Generated by org.testng.reporters.JUnitReportReporter -->
<testsuite skipped="0" hostname="DESKTOP-LMJ0DS5" name="TestNgTest.DependiesManagement" tests="3" failures="0" timestamp="26 Aug 2021 15:15:25 GMT" time="0.004" errors="0">
  <testcase name="college" time="0.002" classname="TestNgTest.DependiesManagement"/>
  <testcase name="higher_secondary" time="0.001" classname="TestNgTest.DependiesManagement"/>
  <testcase name="sslc" time="0.001" classname="TestNgTest.DependiesManagement"/>
</testsuite> <!-- TestNgTest.DependiesManagement -->
