<?xml version="1.0" encoding="UTF-8"?>
<!-- Generated by org.testng.reporters.JUnitReportReporter -->
<testsuite skipped="0" hostname="DESKTOP-LMJ0DS5" name="DataDriven.ExcelData" tests="4" failures="0" timestamp="04 Sep 2021 09:21:52 GMT" time="37.758" errors="0">
  <testcase name="display" time="8.539" classname="DataDriven.ExcelData"/>
  <testcase name="display" time="12.596" classname="DataDriven.ExcelData"/>
  <testcase name="display" time="8.545" classname="DataDriven.ExcelData"/>
  <testcase name="display" time="8.078" classname="DataDriven.ExcelData"/>
</testsuite> <!-- DataDriven.ExcelData -->
