<?xml version="1.0" encoding="UTF-8"?>
<!-- Generated by org.testng.reporters.JUnitReportReporter -->
<testsuite skipped="0" hostname="DESKTOP-LMJ0DS5" name="TestNG.Suiteclass" tests="3" failures="0" timestamp="01 Sep 2021 09:34:17 GMT" time="5.736" errors="0">
  <testcase name="google" time="1.570" classname="TestNG.Suiteclass"/>
  <testcase name="bing" time="2.106" classname="TestNG.Suiteclass"/>
  <testcase name="yahoo" time="2.060" classname="TestNG.Suiteclass"/>
</testsuite> <!-- TestNG.Suiteclass -->
