<?xml version="1.0" encoding="UTF-8"?>
<!-- Generated by org.testng.reporters.JUnitReportReporter -->
<testsuite skipped="0" hostname="DESKTOP-LMJ0DS5" name="TestNG.DependiesManagement" tests="3" failures="0" timestamp="30 Aug 2021 10:42:59 GMT" time="0.009" errors="0">
  <testcase name="college" time="0.000" classname="TestNG.DependiesManagement"/>
  <testcase name="higher_secondary" time="0.008" classname="TestNG.DependiesManagement"/>
  <testcase name="sslc" time="0.001" classname="TestNG.DependiesManagement"/>
</testsuite> <!-- TestNG.DependiesManagement -->
