<?xml version="1.0" encoding="UTF-8"?>
<!-- Generated by org.testng.reporters.JUnitReportReporter -->
<testsuite skipped="0" hostname="DESKTOP-LMJ0DS5" name="DataDriven.Prac_Login" tests="4" failures="0" timestamp="04 Sep 2021 07:50:06 GMT" time="38.406" errors="0">
  <testcase name="display" time="7.946" classname="DataDriven.Prac_Login"/>
  <testcase name="display" time="8.155" classname="DataDriven.Prac_Login"/>
  <testcase name="display" time="8.450" classname="DataDriven.Prac_Login"/>
  <testcase name="display" time="13.855" classname="DataDriven.Prac_Login"/>
</testsuite> <!-- DataDriven.Prac_Login -->
