<?xml version="1.0" encoding="UTF-8"?>
<!-- Generated by org.testng.reporters.JUnitReportReporter -->
<testsuite skipped="0" hostname="DESKTOP-LMJ0DS5" name="TestNG.OrangeHRMLogin" tests="1" failures="0" timestamp="05 Sep 2021 07:56:03 GMT" time="12.718" errors="0">
  <testcase name="display" time="12.718" classname="TestNG.OrangeHRMLogin"/>
</testsuite> <!-- TestNG.OrangeHRMLogin -->
