<?xml version="1.0" encoding="UTF-8"?>
<!-- Generated by org.testng.reporters.JUnitReportReporter -->
<testsuite skipped="0" hostname="DESKTOP-LMJ0DS5" name="TestNG.TrailClass" tests="4" failures="0" timestamp="01 Sep 2021 09:29:12 GMT" time="0.012" errors="0">
  <testcase name="start" time="0.001" classname="TestNG.TrailClass"/>
  <testcase name="thirdgear" time="0.002" classname="TestNG.TrailClass"/>
  <testcase name="firstgear" time="0.008" classname="TestNG.TrailClass"/>
  <testcase name="secondgear" time="0.001" classname="TestNG.TrailClass"/>
</testsuite> <!-- TestNG.TrailClass -->
